<?xml version="1.0" encoding="UTF-8"?>
<!-- Generated by org.testng.reporters.JUnitReportReporter -->
<testsuite hostname="UPS" failures="0" tests="1" name="testAppleBite.testAboutUsPageContent" time="7.775" errors="0" timestamp="15 Jan 2021 19:15:09 GMT">
  <testcase classname="testAppleBite.testAboutUsPageContent" name="validateAboutUs" time="7.775"/>
</testsuite> <!-- testAppleBite.testAboutUsPageContent -->
