<?xml version="1.0" encoding="UTF-8"?>
<!-- Generated by org.testng.reporters.JUnitReportReporter -->
<testsuite hostname="UPS" failures="0" tests="1" name="testAppleBite.testAboutUsPageContent" time="7.519" errors="0" timestamp="15 Jan 2021 18:05:01 GMT">
  <testcase classname="testAppleBite.testAboutUsPageContent" name="validateAboutUs" time="7.519"/>
</testsuite> <!-- testAppleBite.testAboutUsPageContent -->
